<?xml version="1.0" encoding="UTF-8"?>
<testsuite xmlns:xsi="http://www.w3.org/2001/XMLSchema-instance" xsi:noNamespaceSchemaLocation="https://maven.apache.org/surefire/maven-surefire-plugin/xsd/surefire-test-report-3.0.xsd" version="3.0" name="br.com.jazztech.processors.jsonaraaynumberstobigdecimal.JsonArrayNumbersToBigDecimalTest" time="0.215" tests="1" errors="0" skipped="0" failures="0">
  <properties>
    <property name="java.specification.version" value="17"/>
    <property name="sun.cpu.isalist" value="amd64"/>
    <property name="sun.jnu.encoding" value="Cp1252"/>
    <property name="java.class.path" value="C:\Users\jefferson.silva\Desktop\nifi-convert-string-decimal-bundle\nifi-jsonarraynumbertobigdecimal-processors\target\test-classes;C:\Users\jefferson.silva\Desktop\nifi-convert-string-decimal-bundle\nifi-jsonarraynumbertobigdecimal-processors\target\classes;C:\Users\jefferson.silva\.m2\repository\com\fasterxml\jackson\core\jackson-databind\2.15.2\jackson-databind-2.15.2.jar;C:\Users\jefferson.silva\.m2\repository\com\fasterxml\jackson\core\jackson-annotations\2.15.2\jackson-annotations-2.15.2.jar;C:\Users\jefferson.silva\.m2\repository\com\fasterxml\jackson\core\jackson-core\2.15.2\jackson-core-2.15.2.jar;C:\Users\jefferson.silva\.m2\repository\org\projectlombok\lombok\1.18.28\lombok-1.18.28.jar;C:\Users\jefferson.silva\.m2\repository\org\apache\nifi\nifi-api\1.23.0\nifi-api-1.23.0.jar;C:\Users\jefferson.silva\.m2\repository\org\apache\nifi\nifi-utils\1.23.0\nifi-utils-1.23.0.jar;C:\Users\jefferson.silva\.m2\repository\jakarta\xml\bind\jakarta.xml.bind-api\2.3.3\jakarta.xml.bind-api-2.3.3.jar;C:\Users\jefferson.silva\.m2\repository\jakarta\activation\jakarta.activation-api\1.2.2\jakarta.activation-api-1.2.2.jar;C:\Users\jefferson.silva\.m2\repository\org\glassfish\jaxb\jaxb-runtime\2.3.5\jaxb-runtime-2.3.5.jar;C:\Users\jefferson.silva\.m2\repository\org\glassfish\jaxb\txw2\2.3.5\txw2-2.3.5.jar;C:\Users\jefferson.silva\.m2\repository\com\sun\istack\istack-commons-runtime\3.0.12\istack-commons-runtime-3.0.12.jar;C:\Users\jefferson.silva\.m2\repository\com\sun\activation\jakarta.activation\1.2.2\jakarta.activation-1.2.2.jar;C:\Users\jefferson.silva\.m2\repository\org\apache\nifi\nifi-mock\1.23.0\nifi-mock-1.23.0.jar;C:\Users\jefferson.silva\.m2\repository\org\apache\nifi\nifi-framework-api\1.23.0\nifi-framework-api-1.23.0.jar;C:\Users\jefferson.silva\.m2\repository\org\apache\nifi\nifi-parameter\1.23.0\nifi-parameter-1.23.0.jar;C:\Users\jefferson.silva\.m2\repository\org\apache\nifi\nifi-framework-core-api\1.23.0\nifi-framework-core-api-1.23.0.jar;C:\Users\jefferson.silva\.m2\repository\org\apache\nifi\nifi-framework-nar-utils\1.23.0\nifi-framework-nar-utils-1.23.0.jar;C:\Users\jefferson.silva\.m2\repository\org\apache\nifi\nifi-runtime-manifest-core\1.23.0\nifi-runtime-manifest-core-1.23.0.jar;C:\Users\jefferson.silva\.m2\repository\org\apache\nifi\nifi-extension-manifest-model\1.23.0\nifi-extension-manifest-model-1.23.0.jar;C:\Users\jefferson.silva\.m2\repository\org\apache\nifi\nifi-extension-manifest-parser\1.23.0\nifi-extension-manifest-parser-1.23.0.jar;C:\Users\jefferson.silva\.m2\repository\org\apache\nifi\nifi-client-dto\1.23.0\nifi-client-dto-1.23.0.jar;C:\Users\jefferson.silva\.m2\repository\io\swagger\swagger-annotations\1.6.11\swagger-annotations-1.6.11.jar;C:\Users\jefferson.silva\.m2\repository\org\apache\nifi\c2-protocol-component-api\1.23.0\c2-protocol-component-api-1.23.0.jar;C:\Users\jefferson.silva\.m2\repository\org\apache\nifi\nifi-site-to-site-client\1.23.0\nifi-site-to-site-client-1.23.0.jar;C:\Users\jefferson.silva\.m2\repository\org\apache\nifi\nifi-security-utils\1.23.0\nifi-security-utils-1.23.0.jar;C:\Users\jefferson.silva\.m2\repository\org\apache\nifi\nifi-deprecation-log\1.23.0\nifi-deprecation-log-1.23.0.jar;C:\Users\jefferson.silva\.m2\repository\org\bouncycastle\bcprov-jdk18on\1.75\bcprov-jdk18on-1.75.jar;C:\Users\jefferson.silva\.m2\repository\org\bouncycastle\bcpkix-jdk18on\1.75\bcpkix-jdk18on-1.75.jar;C:\Users\jefferson.silva\.m2\repository\org\bouncycastle\bcutil-jdk18on\1.75\bcutil-jdk18on-1.75.jar;C:\Users\jefferson.silva\.m2\repository\org\apache\nifi\nifi-properties\1.23.0\nifi-properties-1.23.0.jar;C:\Users\jefferson.silva\.m2\repository\org\apache\nifi\nifi-property-utils\1.23.0\nifi-property-utils-1.23.0.jar;C:\Users\jefferson.silva\.m2\repository\at\favre\lib\bcrypt\0.10.2\bcrypt-0.10.2.jar;C:\Users\jefferson.silva\.m2\repository\at\favre\lib\bytes\1.5.0\bytes-1.5.0.jar;C:\Users\jefferson.silva\.m2\repository\org\apache\nifi\nifi-security-utils-api\1.23.0\nifi-security-utils-api-1.23.0.jar;C:\Users\jefferson.silva\.m2\repository\org\apache\nifi\nifi-security-ssl\1.23.0\nifi-security-ssl-1.23.0.jar;C:\Users\jefferson.silva\.m2\repository\org\apache\nifi\nifi-xml-processing\1.23.0\nifi-xml-processing-1.23.0.jar;C:\Users\jefferson.silva\.m2\repository\org\apache\httpcomponents\client5\httpclient5\5.0-beta4\httpclient5-5.0-beta4.jar;C:\Users\jefferson.silva\.m2\repository\org\apache\httpcomponents\core5\httpcore5\5.0-beta7\httpcore5-5.0-beta7.jar;C:\Users\jefferson.silva\.m2\repository\org\apache\httpcomponents\core5\httpcore5-h2\5.0-beta7\httpcore5-h2-5.0-beta7.jar;C:\Users\jefferson.silva\.m2\repository\org\apache\httpcomponents\httpasyncclient\4.1.5\httpasyncclient-4.1.5.jar;C:\Users\jefferson.silva\.m2\repository\org\apache\httpcomponents\httpcore\4.4.16\httpcore-4.4.16.jar;C:\Users\jefferson.silva\.m2\repository\org\apache\httpcomponents\httpcore-nio\4.4.15\httpcore-nio-4.4.15.jar;C:\Users\jefferson.silva\.m2\repository\org\apache\httpcomponents\httpclient\4.5.14\httpclient-4.5.14.jar;C:\Users\jefferson.silva\.m2\repository\javax\validation\validation-api\2.0.1.Final\validation-api-2.0.1.Final.jar;C:\Users\jefferson.silva\.m2\repository\org\apache\commons\commons-lang3\3.12.0\commons-lang3-3.12.0.jar;C:\Users\jefferson.silva\.m2\repository\org\apache\nifi\nifi-framework-authorization\1.23.0\nifi-framework-authorization-1.23.0.jar;C:\Users\jefferson.silva\.m2\repository\org\apache\nifi\nifi-expression-language\1.23.0\nifi-expression-language-1.23.0.jar;C:\Users\jefferson.silva\.m2\repository\org\antlr\antlr-runtime\3.5.3\antlr-runtime-3.5.3.jar;C:\Users\jefferson.silva\.m2\repository\org\apache\nifi\nifi-uuid5\1.23.0\nifi-uuid5-1.23.0.jar;C:\Users\jefferson.silva\.m2\repository\com\jayway\jsonpath\json-path\2.8.0\json-path-2.8.0.jar;C:\Users\jefferson.silva\.m2\repository\net\minidev\json-smart\2.4.11\json-smart-2.4.11.jar;C:\Users\jefferson.silva\.m2\repository\net\minidev\accessors-smart\2.4.11\accessors-smart-2.4.11.jar;C:\Users\jefferson.silva\.m2\repository\org\ow2\asm\asm\9.3\asm-9.3.jar;C:\Users\jefferson.silva\.m2\repository\org\apache\commons\commons-text\1.10.0\commons-text-1.10.0.jar;C:\Users\jefferson.silva\.m2\repository\commons-codec\commons-codec\1.16.0\commons-codec-1.16.0.jar;C:\Users\jefferson.silva\.m2\repository\org\apache\nifi\nifi-data-provenance-utils\1.23.0\nifi-data-provenance-utils-1.23.0.jar;C:\Users\jefferson.silva\.m2\repository\org\slf4j\slf4j-simple\2.0.7\slf4j-simple-2.0.7.jar;C:\Users\jefferson.silva\.m2\repository\org\slf4j\slf4j-api\2.0.7\slf4j-api-2.0.7.jar;C:\Users\jefferson.silva\.m2\repository\org\junit\jupiter\junit-jupiter-api\5.10.0\junit-jupiter-api-5.10.0.jar;C:\Users\jefferson.silva\.m2\repository\org\opentest4j\opentest4j\1.3.0\opentest4j-1.3.0.jar;C:\Users\jefferson.silva\.m2\repository\org\junit\platform\junit-platform-commons\1.10.0\junit-platform-commons-1.10.0.jar;C:\Users\jefferson.silva\.m2\repository\org\apiguardian\apiguardian-api\1.1.2\apiguardian-api-1.1.2.jar;C:\Users\jefferson.silva\.m2\repository\org\junit\jupiter\junit-jupiter-engine\5.10.0\junit-jupiter-engine-5.10.0.jar;C:\Users\jefferson.silva\.m2\repository\org\junit\platform\junit-platform-engine\1.10.0\junit-platform-engine-1.10.0.jar;C:\Users\jefferson.silva\.m2\repository\org\junit\jupiter\junit-jupiter-params\5.10.0\junit-jupiter-params-5.10.0.jar;C:\Users\jefferson.silva\.m2\repository\org\mockito\mockito-core\4.11.0\mockito-core-4.11.0.jar;C:\Users\jefferson.silva\.m2\repository\net\bytebuddy\byte-buddy\1.12.19\byte-buddy-1.12.19.jar;C:\Users\jefferson.silva\.m2\repository\net\bytebuddy\byte-buddy-agent\1.12.19\byte-buddy-agent-1.12.19.jar;C:\Users\jefferson.silva\.m2\repository\org\objenesis\objenesis\3.3\objenesis-3.3.jar;C:\Users\jefferson.silva\.m2\repository\org\mockito\mockito-junit-jupiter\4.11.0\mockito-junit-jupiter-4.11.0.jar;C:\Users\jefferson.silva\.m2\repository\org\hamcrest\hamcrest-all\1.3\hamcrest-all-1.3.jar;"/>
    <property name="java.vm.vendor" value="Oracle Corporation"/>
    <property name="sun.arch.data.model" value="64"/>
    <property name="user.variant" value=""/>
    <property name="java.vendor.url" value="https://java.oracle.com/"/>
    <property name="user.timezone" value="America/Sao_Paulo"/>
    <property name="os.name" value="Windows 10"/>
    <property name="java.vm.specification.version" value="17"/>
    <property name="sun.java.launcher" value="SUN_STANDARD"/>
    <property name="user.country" value="BR"/>
    <property name="sun.boot.library.path" value="C:\Users\jefferson.silva\Documents\devtools\openjdk-17+35_windows-x64_bin\jdk-17\bin"/>
    <property name="sun.java.command" value="C:\Users\jefferson.silva\AppData\Local\Temp\surefire571599174044422804\surefirebooter-20230823094827706_3.jar C:\Users\jefferson.silva\AppData\Local\Temp\surefire571599174044422804 2023-08-23T09-48-27_607-jvmRun1 surefire-20230823094827706_1tmp surefire_0-20230823094827706_2tmp"/>
    <property name="jdk.debug" value="release"/>
    <property name="surefire.test.class.path" value="C:\Users\jefferson.silva\Desktop\nifi-convert-string-decimal-bundle\nifi-jsonarraynumbertobigdecimal-processors\target\test-classes;C:\Users\jefferson.silva\Desktop\nifi-convert-string-decimal-bundle\nifi-jsonarraynumbertobigdecimal-processors\target\classes;C:\Users\jefferson.silva\.m2\repository\com\fasterxml\jackson\core\jackson-databind\2.15.2\jackson-databind-2.15.2.jar;C:\Users\jefferson.silva\.m2\repository\com\fasterxml\jackson\core\jackson-annotations\2.15.2\jackson-annotations-2.15.2.jar;C:\Users\jefferson.silva\.m2\repository\com\fasterxml\jackson\core\jackson-core\2.15.2\jackson-core-2.15.2.jar;C:\Users\jefferson.silva\.m2\repository\org\projectlombok\lombok\1.18.28\lombok-1.18.28.jar;C:\Users\jefferson.silva\.m2\repository\org\apache\nifi\nifi-api\1.23.0\nifi-api-1.23.0.jar;C:\Users\jefferson.silva\.m2\repository\org\apache\nifi\nifi-utils\1.23.0\nifi-utils-1.23.0.jar;C:\Users\jefferson.silva\.m2\repository\jakarta\xml\bind\jakarta.xml.bind-api\2.3.3\jakarta.xml.bind-api-2.3.3.jar;C:\Users\jefferson.silva\.m2\repository\jakarta\activation\jakarta.activation-api\1.2.2\jakarta.activation-api-1.2.2.jar;C:\Users\jefferson.silva\.m2\repository\org\glassfish\jaxb\jaxb-runtime\2.3.5\jaxb-runtime-2.3.5.jar;C:\Users\jefferson.silva\.m2\repository\org\glassfish\jaxb\txw2\2.3.5\txw2-2.3.5.jar;C:\Users\jefferson.silva\.m2\repository\com\sun\istack\istack-commons-runtime\3.0.12\istack-commons-runtime-3.0.12.jar;C:\Users\jefferson.silva\.m2\repository\com\sun\activation\jakarta.activation\1.2.2\jakarta.activation-1.2.2.jar;C:\Users\jefferson.silva\.m2\repository\org\apache\nifi\nifi-mock\1.23.0\nifi-mock-1.23.0.jar;C:\Users\jefferson.silva\.m2\repository\org\apache\nifi\nifi-framework-api\1.23.0\nifi-framework-api-1.23.0.jar;C:\Users\jefferson.silva\.m2\repository\org\apache\nifi\nifi-parameter\1.23.0\nifi-parameter-1.23.0.jar;C:\Users\jefferson.silva\.m2\repository\org\apache\nifi\nifi-framework-core-api\1.23.0\nifi-framework-core-api-1.23.0.jar;C:\Users\jefferson.silva\.m2\repository\org\apache\nifi\nifi-framework-nar-utils\1.23.0\nifi-framework-nar-utils-1.23.0.jar;C:\Users\jefferson.silva\.m2\repository\org\apache\nifi\nifi-runtime-manifest-core\1.23.0\nifi-runtime-manifest-core-1.23.0.jar;C:\Users\jefferson.silva\.m2\repository\org\apache\nifi\nifi-extension-manifest-model\1.23.0\nifi-extension-manifest-model-1.23.0.jar;C:\Users\jefferson.silva\.m2\repository\org\apache\nifi\nifi-extension-manifest-parser\1.23.0\nifi-extension-manifest-parser-1.23.0.jar;C:\Users\jefferson.silva\.m2\repository\org\apache\nifi\nifi-client-dto\1.23.0\nifi-client-dto-1.23.0.jar;C:\Users\jefferson.silva\.m2\repository\io\swagger\swagger-annotations\1.6.11\swagger-annotations-1.6.11.jar;C:\Users\jefferson.silva\.m2\repository\org\apache\nifi\c2-protocol-component-api\1.23.0\c2-protocol-component-api-1.23.0.jar;C:\Users\jefferson.silva\.m2\repository\org\apache\nifi\nifi-site-to-site-client\1.23.0\nifi-site-to-site-client-1.23.0.jar;C:\Users\jefferson.silva\.m2\repository\org\apache\nifi\nifi-security-utils\1.23.0\nifi-security-utils-1.23.0.jar;C:\Users\jefferson.silva\.m2\repository\org\apache\nifi\nifi-deprecation-log\1.23.0\nifi-deprecation-log-1.23.0.jar;C:\Users\jefferson.silva\.m2\repository\org\bouncycastle\bcprov-jdk18on\1.75\bcprov-jdk18on-1.75.jar;C:\Users\jefferson.silva\.m2\repository\org\bouncycastle\bcpkix-jdk18on\1.75\bcpkix-jdk18on-1.75.jar;C:\Users\jefferson.silva\.m2\repository\org\bouncycastle\bcutil-jdk18on\1.75\bcutil-jdk18on-1.75.jar;C:\Users\jefferson.silva\.m2\repository\org\apache\nifi\nifi-properties\1.23.0\nifi-properties-1.23.0.jar;C:\Users\jefferson.silva\.m2\repository\org\apache\nifi\nifi-property-utils\1.23.0\nifi-property-utils-1.23.0.jar;C:\Users\jefferson.silva\.m2\repository\at\favre\lib\bcrypt\0.10.2\bcrypt-0.10.2.jar;C:\Users\jefferson.silva\.m2\repository\at\favre\lib\bytes\1.5.0\bytes-1.5.0.jar;C:\Users\jefferson.silva\.m2\repository\org\apache\nifi\nifi-security-utils-api\1.23.0\nifi-security-utils-api-1.23.0.jar;C:\Users\jefferson.silva\.m2\repository\org\apache\nifi\nifi-security-ssl\1.23.0\nifi-security-ssl-1.23.0.jar;C:\Users\jefferson.silva\.m2\repository\org\apache\nifi\nifi-xml-processing\1.23.0\nifi-xml-processing-1.23.0.jar;C:\Users\jefferson.silva\.m2\repository\org\apache\httpcomponents\client5\httpclient5\5.0-beta4\httpclient5-5.0-beta4.jar;C:\Users\jefferson.silva\.m2\repository\org\apache\httpcomponents\core5\httpcore5\5.0-beta7\httpcore5-5.0-beta7.jar;C:\Users\jefferson.silva\.m2\repository\org\apache\httpcomponents\core5\httpcore5-h2\5.0-beta7\httpcore5-h2-5.0-beta7.jar;C:\Users\jefferson.silva\.m2\repository\org\apache\httpcomponents\httpasyncclient\4.1.5\httpasyncclient-4.1.5.jar;C:\Users\jefferson.silva\.m2\repository\org\apache\httpcomponents\httpcore\4.4.16\httpcore-4.4.16.jar;C:\Users\jefferson.silva\.m2\repository\org\apache\httpcomponents\httpcore-nio\4.4.15\httpcore-nio-4.4.15.jar;C:\Users\jefferson.silva\.m2\repository\org\apache\httpcomponents\httpclient\4.5.14\httpclient-4.5.14.jar;C:\Users\jefferson.silva\.m2\repository\javax\validation\validation-api\2.0.1.Final\validation-api-2.0.1.Final.jar;C:\Users\jefferson.silva\.m2\repository\org\apache\commons\commons-lang3\3.12.0\commons-lang3-3.12.0.jar;C:\Users\jefferson.silva\.m2\repository\org\apache\nifi\nifi-framework-authorization\1.23.0\nifi-framework-authorization-1.23.0.jar;C:\Users\jefferson.silva\.m2\repository\org\apache\nifi\nifi-expression-language\1.23.0\nifi-expression-language-1.23.0.jar;C:\Users\jefferson.silva\.m2\repository\org\antlr\antlr-runtime\3.5.3\antlr-runtime-3.5.3.jar;C:\Users\jefferson.silva\.m2\repository\org\apache\nifi\nifi-uuid5\1.23.0\nifi-uuid5-1.23.0.jar;C:\Users\jefferson.silva\.m2\repository\com\jayway\jsonpath\json-path\2.8.0\json-path-2.8.0.jar;C:\Users\jefferson.silva\.m2\repository\net\minidev\json-smart\2.4.11\json-smart-2.4.11.jar;C:\Users\jefferson.silva\.m2\repository\net\minidev\accessors-smart\2.4.11\accessors-smart-2.4.11.jar;C:\Users\jefferson.silva\.m2\repository\org\ow2\asm\asm\9.3\asm-9.3.jar;C:\Users\jefferson.silva\.m2\repository\org\apache\commons\commons-text\1.10.0\commons-text-1.10.0.jar;C:\Users\jefferson.silva\.m2\repository\commons-codec\commons-codec\1.16.0\commons-codec-1.16.0.jar;C:\Users\jefferson.silva\.m2\repository\org\apache\nifi\nifi-data-provenance-utils\1.23.0\nifi-data-provenance-utils-1.23.0.jar;C:\Users\jefferson.silva\.m2\repository\org\slf4j\slf4j-simple\2.0.7\slf4j-simple-2.0.7.jar;C:\Users\jefferson.silva\.m2\repository\org\slf4j\slf4j-api\2.0.7\slf4j-api-2.0.7.jar;C:\Users\jefferson.silva\.m2\repository\org\junit\jupiter\junit-jupiter-api\5.10.0\junit-jupiter-api-5.10.0.jar;C:\Users\jefferson.silva\.m2\repository\org\opentest4j\opentest4j\1.3.0\opentest4j-1.3.0.jar;C:\Users\jefferson.silva\.m2\repository\org\junit\platform\junit-platform-commons\1.10.0\junit-platform-commons-1.10.0.jar;C:\Users\jefferson.silva\.m2\repository\org\apiguardian\apiguardian-api\1.1.2\apiguardian-api-1.1.2.jar;C:\Users\jefferson.silva\.m2\repository\org\junit\jupiter\junit-jupiter-engine\5.10.0\junit-jupiter-engine-5.10.0.jar;C:\Users\jefferson.silva\.m2\repository\org\junit\platform\junit-platform-engine\1.10.0\junit-platform-engine-1.10.0.jar;C:\Users\jefferson.silva\.m2\repository\org\junit\jupiter\junit-jupiter-params\5.10.0\junit-jupiter-params-5.10.0.jar;C:\Users\jefferson.silva\.m2\repository\org\mockito\mockito-core\4.11.0\mockito-core-4.11.0.jar;C:\Users\jefferson.silva\.m2\repository\net\bytebuddy\byte-buddy\1.12.19\byte-buddy-1.12.19.jar;C:\Users\jefferson.silva\.m2\repository\net\bytebuddy\byte-buddy-agent\1.12.19\byte-buddy-agent-1.12.19.jar;C:\Users\jefferson.silva\.m2\repository\org\objenesis\objenesis\3.3\objenesis-3.3.jar;C:\Users\jefferson.silva\.m2\repository\org\mockito\mockito-junit-jupiter\4.11.0\mockito-junit-jupiter-4.11.0.jar;C:\Users\jefferson.silva\.m2\repository\org\hamcrest\hamcrest-all\1.3\hamcrest-all-1.3.jar;"/>
    <property name="sun.cpu.endian" value="little"/>
    <property name="user.home" value="C:\Users\jefferson.silva"/>
    <property name="user.language" value="pt"/>
    <property name="java.specification.vendor" value="Oracle Corporation"/>
    <property name="java.version.date" value="2021-09-14"/>
    <property name="java.home" value="C:\Users\jefferson.silva\Documents\devtools\openjdk-17+35_windows-x64_bin\jdk-17"/>
    <property name="file.separator" value="\"/>
    <property name="basedir" value="C:\Users\jefferson.silva\Desktop\nifi-convert-string-decimal-bundle\nifi-jsonarraynumbertobigdecimal-processors"/>
    <property name="java.vm.compressedOopsMode" value="Zero based"/>
    <property name="line.separator" value="&#10;"/>
    <property name="java.vm.specification.vendor" value="Oracle Corporation"/>
    <property name="java.specification.name" value="Java Platform API Specification"/>
    <property name="java.awt.headless" value="true"/>
    <property name="surefire.real.class.path" value="C:\Users\jefferson.silva\AppData\Local\Temp\surefire571599174044422804\surefirebooter-20230823094827706_3.jar"/>
    <property name="user.script" value=""/>
    <property name="sun.management.compiler" value="HotSpot 64-Bit Tiered Compilers"/>
    <property name="java.runtime.version" value="17+35-2724"/>
    <property name="user.name" value="jefferson.silva"/>
    <property name="path.separator" value=";"/>
    <property name="os.version" value="10.0"/>
    <property name="java.runtime.name" value="OpenJDK Runtime Environment"/>
    <property name="file.encoding" value="Cp1252"/>
    <property name="java.vm.name" value="OpenJDK 64-Bit Server VM"/>
    <property name="localRepository" value="C:\Users\jefferson.silva\.m2\repository"/>
    <property name="java.vendor.url.bug" value="https://bugreport.java.com/bugreport/"/>
    <property name="java.io.tmpdir" value="C:\Users\JEFFER~1.SIL\AppData\Local\Temp\"/>
    <property name="java.version" value="17"/>
    <property name="user.dir" value="C:\Users\jefferson.silva\Desktop\nifi-convert-string-decimal-bundle\nifi-jsonarraynumbertobigdecimal-processors"/>
    <property name="os.arch" value="amd64"/>
    <property name="java.vm.specification.name" value="Java Virtual Machine Specification"/>
    <property name="sun.os.patch.level" value=""/>
    <property name="native.encoding" value="Cp1252"/>
    <property name="java.library.path" value="C:\Users\jefferson.silva\Documents\devtools\openjdk-17+35_windows-x64_bin\jdk-17\bin;C:\WINDOWS\Sun\Java\bin;C:\WINDOWS\system32;C:\WINDOWS;C:\Users\jefferson.silva\bin;C:\Users\jefferson.silva\AppData\Local\Programs\Git\mingw64\bin;C:\Users\jefferson.silva\AppData\Local\Programs\Git\usr\local\bin;C:\Users\jefferson.silva\AppData\Local\Programs\Git\usr\bin;C:\Users\jefferson.silva\AppData\Local\Programs\Git\usr\bin;C:\Users\jefferson.silva\AppData\Local\Programs\Git\mingw64\bin;C:\Users\jefferson.silva\AppData\Local\Programs\Git\usr\bin;C:\Users\jefferson.silva\bin;C:\Python311\Scripts;C:\Python311;C:\Windows\system32;C:\Windows;C:\Windows\System32\Wbem;C:\Windows\System32\WindowsPowerShell\v1.0;C:\Windows\System32\OpenSSH;C:\Program Files (x86)\NVIDIA Corporation\PhysX\Common;C:\Program Files\NVIDIA Corporation\NVIDIA NvDLISR;C:\Program Files\Rancher Desktop\resources\resources\win32\bin;C:\Program Files\Rancher Desktop\resources\resources\linux\bin;C:\Program Files\Amazon\AWSCLIV2;C:\WINDOWS\system32;C:\WINDOWS;C:\WINDOWS\System32\Wbem;C:\WINDOWS\System32\WindowsPowerShell\v1.0;C:\WINDOWS\System32\OpenSSH;C:\Program Files\Docker\Docker\resources\bin;C:\Program Files\Microsoft SQL Server\150\Tools\Binn;C:\Program Files\nodejs;C:\ProgramData\chocolatey\bin;C:\Users\jefferson.silva\AppData\Local\pnpm;C:\Users\jefferson.silva\AppData\Local\Microsoft\WindowsApps;C:\Users\jefferson.silva\Documents\devtools\openjdk-17+35_windows-x64_bin\jdk-17\bin;C:\Users\jefferson.silva\Documents\devtools\apache-maven-3.9.0-bin\apache-maven-3.9.0\bin;C:\Users\jefferson.silva\AppData\Local\Programs\Git\cmd;C:\MinGW\bin;C:\Users\jefferson.silva\AppData\Local\Programs\Microsoft VS Code\bin;C:\Users\jefferson.silva\AppData\Roaming\npm;C:\Users\jefferson.silva\AppData\Local\Programs\Git\usr\bin\vendor_perl;C:\Users\jefferson.silva\AppData\Local\Programs\Git\usr\bin\core_perl;."/>
    <property name="java.vm.info" value="mixed mode, sharing"/>
    <property name="java.vendor" value="Oracle Corporation"/>
    <property name="java.vm.version" value="17+35-2724"/>
    <property name="sun.io.unicode.encoding" value="UnicodeLittle"/>
    <property name="java.class.version" value="61.0"/>
  </properties>
  <testcase name="testProcessor" classname="br.com.jazztech.processors.jsonaraaynumberstobigdecimal.JsonArrayNumbersToBigDecimalTest" time="0.192"/>
</testsuite>